<?xml version="1.0" encoding="UTF-8"?>
<testsuite name="ru.stqa.pft.addressbook.tests.ContactCreationTests" tests="4" skipped="0" failures="0" errors="0" timestamp="2018-05-10T17:18:41" hostname="MKS" time="31.451">
  <properties/>
  <testcase name="testContactCreation[0](ContactData{id=2147483647, firstName='Johnny 0', lastName='Robot 0', eMail='john0@mail.ru', eMail2='john0@mail.ru2', eMail3='john0@mail.ru3', allEMails='null', phoneHome='000', phoneMobile='110', phoneWork='220', allPhones='null'})" classname="ru.stqa.pft.addressbook.tests.ContactCreationTests" time="7.955"/>
  <testcase name="testContactCreation[1](ContactData{id=2147483647, firstName='Johnny 1', lastName='Robot 1', eMail='john1@mail.ru', eMail2='john1@mail.ru2', eMail3='john1@mail.ru3', allEMails='null', phoneHome='001', phoneMobile='111', phoneWork='221', allPhones='null'})" classname="ru.stqa.pft.addressbook.tests.ContactCreationTests" time="7.943"/>
  <testcase name="testContactCreation[2](ContactData{id=2147483647, firstName='Johnny 2', lastName='Robot 2', eMail='john2@mail.ru', eMail2='john2@mail.ru2', eMail3='john2@mail.ru3', allEMails='null', phoneHome='002', phoneMobile='112', phoneWork='222', allPhones='null'})" classname="ru.stqa.pft.addressbook.tests.ContactCreationTests" time="8.001"/>
  <testcase name="testContactCreation[3](ContactData{id=2147483647, firstName='Johnny 3', lastName='Robot 3', eMail='john3@mail.ru', eMail2='john3@mail.ru2', eMail3='john3@mail.ru3', allEMails='null', phoneHome='003', phoneMobile='113', phoneWork='223', allPhones='null'})" classname="ru.stqa.pft.addressbook.tests.ContactCreationTests" time="7.552"/>
  <system-out><![CDATA[]]></system-out>
  <system-err><![CDATA[]]></system-err>
</testsuite>
